2024-03-08 20:52:06,751 INFO [root] [conftest.py(pytest_sessionstart:23)] - 主节点会话开始：执行了清理任务
2024-03-08 20:52:10,857 INFO [root] [utils.py(get_web_driver:38)] - 识别出的验证码为1033
2024-03-08 20:52:10,857 INFO [root] [utils.py(get_web_driver:38)] - 识别出的验证码为1033
2024-03-08 20:52:10,857 INFO [root] [utils.py(get_web_driver:38)] - 识别出的验证码为1033
2024-03-08 20:52:10,960 INFO [root] [base_page.py(__init__:10)] - 获取web_driver
2024-03-08 20:52:10,960 INFO [root] [base_page.py(__init__:10)] - 获取web_driver
2024-03-08 20:52:10,960 INFO [root] [base_page.py(__init__:10)] - 获取web_driver
2024-03-08 20:52:10,978 INFO [root] [utils.py(get_web_driver:38)] - 识别出的验证码为1033
2024-03-08 20:52:10,978 INFO [root] [utils.py(get_web_driver:38)] - 识别出的验证码为1033
2024-03-08 20:52:10,978 INFO [root] [utils.py(get_web_driver:38)] - 识别出的验证码为1033
2024-03-08 20:52:11,055 INFO [root] [base_page.py(__init__:10)] - 获取web_driver
2024-03-08 20:52:11,055 INFO [root] [base_page.py(__init__:10)] - 获取web_driver
2024-03-08 20:52:11,055 INFO [root] [base_page.py(__init__:10)] - 获取web_driver
2024-03-08 20:52:11,784 INFO [root] [conftest.py(demo_user_login:29)] - test_demo_user_login
2024-03-08 20:52:11,784 INFO [root] [conftest.py(demo_user_login:29)] - test_demo_user_login
2024-03-08 20:52:11,784 INFO [root] [conftest.py(demo_user_login:29)] - test_demo_user_login
2024-03-08 20:52:11,785 INFO [root] [base_page.py(__init__:10)] - 获取web_driver
2024-03-08 20:52:11,785 INFO [root] [base_page.py(__init__:10)] - 获取web_driver
2024-03-08 20:52:11,785 INFO [root] [base_page.py(__init__:10)] - 获取web_driver
2024-03-08 20:52:11,964 INFO [root] [conftest.py(demo_user_login:29)] - test_demo_user_login
2024-03-08 20:52:11,964 INFO [root] [conftest.py(demo_user_login:29)] - test_demo_user_login
2024-03-08 20:52:11,964 INFO [root] [conftest.py(demo_user_login:29)] - test_demo_user_login
2024-03-08 20:52:11,965 INFO [root] [test_demo_user_management.py(test_demo_user_management:17)] - 开始搜索('张',)
2024-03-08 20:52:11,965 INFO [root] [test_demo_user_management.py(test_demo_user_management:17)] - 开始搜索('张',)
2024-03-08 20:52:11,965 INFO [root] [test_demo_user_management.py(test_demo_user_management:17)] - 开始搜索('张',)
2024-03-08 20:52:11,966 INFO [root] [base_page.py(__init__:10)] - 获取web_driver
2024-03-08 20:52:11,966 INFO [root] [base_page.py(__init__:10)] - 获取web_driver
2024-03-08 20:52:11,966 INFO [root] [base_page.py(__init__:10)] - 获取web_driver
2024-03-08 20:52:16,627 INFO [root] [test_demo_user_home.py(test_user_home:15)] - test_user_home
2024-03-08 20:52:16,627 INFO [root] [test_demo_user_home.py(test_user_home:15)] - test_user_home
2024-03-08 20:52:16,627 INFO [root] [test_demo_user_home.py(test_user_home:15)] - test_user_home
2024-03-08 20:52:18,350 INFO [root] [test_demo_user_management.py(test_demo_user_management:19)] - test_demo_management
2024-03-08 20:52:18,350 INFO [root] [test_demo_user_management.py(test_demo_user_management:19)] - test_demo_management
2024-03-08 20:52:18,350 INFO [root] [test_demo_user_management.py(test_demo_user_management:19)] - test_demo_management
2024-03-08 20:52:22,544 INFO [root] [conftest.py(pytest_sessionfinish:38)] - 会话结束：生成了Allure测试报告
